<?xml version="1.0" encoding="UTF-8"?>
<!-- Generated by org.testng.reporters.JUnitXMLReporter -->
<testsuite hostname="Lenovo-PC" ignored="0" name="Default test" tests="8" failures="0" timestamp="13 Jul 2022 09:26:14 GMT" time="12.13" errors="0">
  <testcase name="getResponseBody" time="4.756" classname="com.assurityapi.AssurityApiTesting.myAssurityApiTestingClass"/>
  <testcase name="getResponseStatus" time="1.504" classname="com.assurityapi.AssurityApiTesting.myAssurityApiTestingClass"/>
  <testcase name="whenLogResponseIfErrorOccurred_thenSuccess" time="0.463" classname="com.assurityapi.AssurityApiTesting.myAssurityApiTestingClass"/>
  <testcase name="getResponseHeaders" time="0.208" classname="com.assurityapi.AssurityApiTesting.myAssurityApiTestingClass"/>
  <testcase name="getResponseContentType" time="0.227" classname="com.assurityapi.AssurityApiTesting.myAssurityApiTestingClass"/>
  <testcase name="verifyName" time="1.945" classname="com.assurityapi.AssurityApiTesting.myAssurityApiTestingClass"/>
  <testcase name="verifyCanRelist" time="0.26" classname="com.assurityapi.AssurityApiTesting.myAssurityApiTestingClass"/>
  <testcase name="verifyPromotionsDescriptions" time="0.727" classname="com.assurityapi.AssurityApiTesting.myAssurityApiTestingClass"/>
</testsuite> <!-- Default test -->
